3;
3;
zzzzzzzzz;
______________________;
3;
3;
zzzzzzzzz;
3;
4;
qwesrewqwrqr;
______________________;
3;
4;
qwesrewqwrqr;
3;
3;
zxczv;
______________________;
3;
3;
zxczv;
1;
3;
2;
zzz;
______________________;
3;
2;
zzz;
1;
3;
6;
asdfghjkl;;
______________________;
3;
6;
asdfghjkl;;
;
1;
3;
6;
zzzzzzzzzzzzz;
______________________;
3;
6;
zzzzzzzzzzzzz;
1;
1;
3;
2;
zzzz;
______________________;
3;
2;
zzzz;
1;
1;
3;
3;
aaa;
______________________;
3;
3;
aaa;
1;
1;
14;
5;
dfgfd;
______________________;
14;
5;
dfgfd;
1;
1;
14;
1;
1;
______________________;
14;
1;
1;
1;
1;
14;
4;
qwesda;
______________________;
14;
4;
qwesda;
1;
1;
14;
4;
яя;
______________________;
14;
4;
яя;
1;
1;
14;
3;
zz;
______________________;
14;
3;
zz;
1;
Array
(
    [elementId] => 3
    [text] => aaaaaaaaaaaaaaaa
    [stars] => 1
)
;
Array
(
    [elementId] => 3
    [text] => aaaaaaaaaaaaaaaaaaaa
    [stars] => 1
)
;
Array
(
    [elementId] => 3
    [text] => aaaaaaaaaaaaaaaaaaaaaa
    [stars] => 5
)
;
