2023-10-09 17:23:26 -  - exec CUpdateClientPartner::__CollectRequestData
2023-10-09 17:23:26 -  - exec CUpdateClientPartner::GetHTTPPage
2023-10-09 17:23:26 -  - exec CUpdateClientPartner::ParseServerData
2023-10-09 17:23:26 -  - exec CUpdateClientPartner::GetUpdatesList
2023-10-09 17:23:26 -  - exec CUpdateClientPartner::__CollectRequestData
2023-10-09 17:23:26 -  - utf=Y&lang=ru&stable=Y&CANGZIP=Y&SUPD_DBS=MYSQL&XE=N&CLIENT_SITE=home-bitrix&LICENSE_KEY=X&SUPD_STS=1&SUPD_URS=1&TYPENC=D&CLIENT_PHPVER=8.1.9&NGINX=Y&dbv=8.0.30&instm=main%2C23.300.100%2CY%3Babtest%2C21.0.0%2CN%3Badvertising%2C21.100.0%2CN%3Bb24connector%2C22.0.0%2CN%3Bbitrix.eshop%2C22.100.0%2CN%3Bbitrix.sitecommunity%2C15.5.0%2CN%3Bbitrix.sitecorporate%2C15.5.0%2CN%3Bbitrix.siteinfoportal%2C15.5.0%2CN%3Bbitrix.sitepersonal%2C15.5.0%2CN%3Bbitrixcloud%2C22.100.0%2CN%3Bbizproc%2C23.200.100%2CN%3Bbizprocdesigner%2C23.100.0%2CN%3Bblog%2C22.0.0%2CN%3Bcalendar%2C23.200.100%2CN%3Bcatalog%2C23.100.0%2CN%3Bclouds%2C23.0.0%2CN%3Bconversion%2C22.0.0%2CN%3Bcurrency%2C22.500.0%2CN%3Bfileman%2C22.300.0%2CN%3Bform%2C22.0.0%2CN%3Bforum%2C23.0.0%2CN%3Bhighloadblock%2C22.200.0%2CN%3Biblock%2C23.100.0%2CN%3Bidea%2C21.0.0%2CN%3Bim%2C23.400.0%2CN%3Blanding%2C23.600.150%2CN%3Blearning%2C22.0.0%2CN%3Blists%2C23.100.0%2CN%3Blocation%2C23.0.0%2CN%3Bmail%2C22.800.100%2CN%3Bmessageservice%2C23.0.0%2CN%3Bmobileapp%2C23.0.0%2CN%3Bperfmon%2C21.0.0%2CN%3Bphotogallery%2C22.0.200%2CN%3Bpull%2C23.100.0%2CN%3Breport%2C23.0.0%2CN%3Brest%2C23.100.0%2CN%3Bsale%2C23.200.0%2CN%3Bscale%2C21.0.0%2CN%3Bsearch%2C22.100.0%2CN%3Bsecurity%2C21.300.0%2CN%3Bsender%2C23.0.0%2CN%3Bseo%2C23.200.0%2CN%3Bsocialnetwork%2C23.100.0%2CN%3Bsocialservices%2C22.200.400%2CN%3Bstatistic%2C22.0.0%2CN%3Bstoreassist%2C21.0.0%2CN%3Bsubscribe%2C21.0.0%2CN%3Bsupport%2C23.0.0%2CN%3Btranslate%2C23.200.0%2CN%3Bui%2C22.1600.0%2CN%3Bvote%2C23.0.0%2CN%3Bwebservice%2C21.0.0%2CN%3Bwiki%2C23.0.0%2CN%3Bworkflow%2C21.0.0%2CN&reqm=bitrix.eshop%2Cbitrix.sitecommunity%2Cbitrix.sitecorporate%2Cbitrix.siteinfoportal%2Cbitrix.sitepersonal&fullmoduleinfo=Y&SUPD_SRS=RU&SUPD_CMP=N
2023-10-09 17:23:26 -  - exec CUpdateClientPartner::GetHTTPPage
2023-10-09 17:23:27 -  - TIME GetUpdatesList(request) 0.228 sec
2023-10-09 17:23:27 -  - exec CUpdateClientPartner::ParseServerData
2023-10-09 17:23:27 -  - exec CUpdateClientPartner::__CollectRequestData
2023-10-09 17:23:27 -  - exec CUpdateClientPartner::GetHTTPPage
2023-10-09 17:23:27 -  - exec CUpdateClientPartner::ParseServerData
2023-10-23 13:02:14 -  - exec CUpdateClientPartner::__CollectRequestData
2023-10-23 13:02:14 -  - exec CUpdateClientPartner::GetHTTPPage
2023-10-23 13:02:14 -  - exec CUpdateClientPartner::ParseServerData
2023-10-23 13:02:14 -  - exec CUpdateClientPartner::GetUpdatesList
2023-10-23 13:02:14 -  - exec CUpdateClientPartner::__CollectRequestData
2023-10-23 13:02:14 -  - utf=Y&lang=ru&stable=Y&CANGZIP=Y&SUPD_DBS=MYSQL&XE=N&CLIENT_SITE=home-bitrix&LICENSE_KEY=X&SUPD_STS=1&SUPD_URS=1&TYPENC=D&CLIENT_PHPVER=8.1.9&NGINX=Y&dbv=8.0.30&instm=main%2C23.300.100%2CY%3Babtest%2C21.0.0%2CN%3Badvertising%2C21.100.0%2CN%3Bb24connector%2C22.0.0%2CN%3Bbitrix.eshop%2C22.100.0%2CN%3Bbitrix.sitecommunity%2C15.5.0%2CN%3Bbitrix.sitecorporate%2C15.5.0%2CN%3Bbitrix.siteinfoportal%2C15.5.0%2CN%3Bbitrix.sitepersonal%2C15.5.0%2CN%3Bbitrixcloud%2C22.100.0%2CN%3Bbizproc%2C23.200.100%2CN%3Bbizprocdesigner%2C23.100.0%2CN%3Bblog%2C22.0.0%2CN%3Bcalendar%2C23.200.100%2CN%3Bcatalog%2C23.100.0%2CN%3Bclouds%2C23.0.0%2CN%3Bconversion%2C22.0.0%2CN%3Bcurrency%2C22.500.0%2CN%3Bfileman%2C22.300.0%2CN%3Bform%2C22.0.0%2CN%3Bforum%2C23.0.0%2CN%3Bhighloadblock%2C22.200.0%2CN%3Biblock%2C23.100.0%2CN%3Bidea%2C21.0.0%2CN%3Bim%2C23.400.0%2CN%3Blanding%2C23.600.150%2CN%3Blearning%2C22.0.0%2CN%3Blists%2C23.100.0%2CN%3Blocation%2C23.0.0%2CN%3Bmail%2C22.800.100%2CN%3Bmessageservice%2C23.0.0%2CN%3Bmobileapp%2C23.0.0%2CN%3Bperfmon%2C21.0.0%2CN%3Bphotogallery%2C22.0.200%2CN%3Bpull%2C23.100.0%2CN%3Breport%2C23.0.0%2CN%3Brest%2C23.100.0%2CN%3Bsale%2C23.200.0%2CN%3Bscale%2C21.0.0%2CN%3Bsearch%2C22.100.0%2CN%3Bsecurity%2C21.300.0%2CN%3Bsender%2C23.0.0%2CN%3Bseo%2C23.200.0%2CN%3Bsocialnetwork%2C23.100.0%2CN%3Bsocialservices%2C22.200.400%2CN%3Bstatistic%2C22.0.0%2CN%3Bstoreassist%2C21.0.0%2CN%3Bsubscribe%2C21.0.0%2CN%3Bsupport%2C23.0.0%2CN%3Btranslate%2C23.200.0%2CN%3Bui%2C22.1600.0%2CN%3Bvote%2C23.0.0%2CN%3Bwebservice%2C21.0.0%2CN%3Bwiki%2C23.0.0%2CN%3Bworkflow%2C21.0.0%2CN&reqm=bitrix.eshop%2Cbitrix.sitecommunity%2Cbitrix.sitecorporate%2Cbitrix.siteinfoportal%2Cbitrix.sitepersonal&fullmoduleinfo=Y&SUPD_SRS=RU&SUPD_CMP=N
2023-10-23 13:02:14 -  - exec CUpdateClientPartner::GetHTTPPage
2023-10-23 13:02:15 -  - TIME GetUpdatesList(request) 0.237 sec
2023-10-23 13:02:15 -  - exec CUpdateClientPartner::ParseServerData
2023-10-23 13:02:15 -  - exec CUpdateClientPartner::__CollectRequestData
2023-10-23 13:02:15 -  - exec CUpdateClientPartner::GetHTTPPage
2023-10-23 13:02:15 -  - exec CUpdateClientPartner::ParseServerData
2023-10-23 13:02:16 -  - exec CUpdateClientPartner::__CollectRequestData
2023-10-23 13:02:16 -  - exec CUpdateClientPartner::GetHTTPPage
2023-10-23 13:02:16 -  - exec CUpdateClientPartner::ParseServerData
2023-10-23 13:02:16 -  - exec CUpdateClientPartner::GetUpdatesList
2023-10-23 13:02:16 -  - exec CUpdateClientPartner::__CollectRequestData
2023-10-23 13:02:16 -  - utf=Y&lang=ru&stable=Y&CANGZIP=Y&SUPD_DBS=MYSQL&XE=N&CLIENT_SITE=home-bitrix&LICENSE_KEY=X&SUPD_STS=1&SUPD_URS=1&TYPENC=D&CLIENT_PHPVER=8.1.9&NGINX=Y&dbv=8.0.30&instm=main%2C23.300.100%2CY%3Babtest%2C21.0.0%2CN%3Badvertising%2C21.100.0%2CN%3Bb24connector%2C22.0.0%2CN%3Bbitrix.eshop%2C22.100.0%2CN%3Bbitrix.sitecommunity%2C15.5.0%2CN%3Bbitrix.sitecorporate%2C15.5.0%2CN%3Bbitrix.siteinfoportal%2C15.5.0%2CN%3Bbitrix.sitepersonal%2C15.5.0%2CN%3Bbitrixcloud%2C22.100.0%2CN%3Bbizproc%2C23.200.100%2CN%3Bbizprocdesigner%2C23.100.0%2CN%3Bblog%2C22.0.0%2CN%3Bcalendar%2C23.200.100%2CN%3Bcatalog%2C23.100.0%2CN%3Bclouds%2C23.0.0%2CN%3Bconversion%2C22.0.0%2CN%3Bcurrency%2C22.500.0%2CN%3Bfileman%2C22.300.0%2CN%3Bform%2C22.0.0%2CN%3Bforum%2C23.0.0%2CN%3Bhighloadblock%2C22.200.0%2CN%3Biblock%2C23.100.0%2CN%3Bidea%2C21.0.0%2CN%3Bim%2C23.400.0%2CN%3Blanding%2C23.600.150%2CN%3Blearning%2C22.0.0%2CN%3Blists%2C23.100.0%2CN%3Blocation%2C23.0.0%2CN%3Bmail%2C22.800.100%2CN%3Bmessageservice%2C23.0.0%2CN%3Bmobileapp%2C23.0.0%2CN%3Bperfmon%2C21.0.0%2CN%3Bphotogallery%2C22.0.200%2CN%3Bpull%2C23.100.0%2CN%3Breport%2C23.0.0%2CN%3Brest%2C23.100.0%2CN%3Bsale%2C23.200.0%2CN%3Bscale%2C21.0.0%2CN%3Bsearch%2C22.100.0%2CN%3Bsecurity%2C21.300.0%2CN%3Bsender%2C23.0.0%2CN%3Bseo%2C23.200.0%2CN%3Bsocialnetwork%2C23.100.0%2CN%3Bsocialservices%2C22.200.400%2CN%3Bstatistic%2C22.0.0%2CN%3Bstoreassist%2C21.0.0%2CN%3Bsubscribe%2C21.0.0%2CN%3Bsupport%2C23.0.0%2CN%3Btranslate%2C23.200.0%2CN%3Bui%2C22.1600.0%2CN%3Bvote%2C23.0.0%2CN%3Bwebservice%2C21.0.0%2CN%3Bwiki%2C23.0.0%2CN%3Bworkflow%2C21.0.0%2CN&reqm=bitrix.eshop%2Cbitrix.sitecommunity%2Cbitrix.sitecorporate%2Cbitrix.siteinfoportal%2Cbitrix.sitepersonal&fullmoduleinfo=Y&SUPD_SRS=RU&SUPD_CMP=N
2023-10-23 13:02:16 -  - exec CUpdateClientPartner::GetHTTPPage
2023-10-23 13:02:17 -  - TIME GetUpdatesList(request) 0.236 sec
2023-10-23 13:02:17 -  - exec CUpdateClientPartner::ParseServerData
2023-10-23 13:02:17 -  - exec CUpdateClientPartner::__CollectRequestData
2023-10-23 13:02:17 -  - exec CUpdateClientPartner::GetHTTPPage
2023-10-23 13:02:17 -  - exec CUpdateClientPartner::ParseServerData
2023-10-23 14:55:02 -  - exec CUpdateClientPartner::GetUpdatesList
2023-10-23 14:55:02 -  - exec CUpdateClientPartner::__CollectRequestData
2023-10-23 14:55:02 -  - utf=Y&lang=ru&stable=Y&CANGZIP=Y&SUPD_DBS=MYSQL&XE=N&CLIENT_SITE=home-bitrix&LICENSE_KEY=X&SUPD_STS=1&SUPD_URS=1&TYPENC=D&CLIENT_PHPVER=8.1.9&NGINX=Y&dbv=8.0.30&instm=main%2C23.300.100%2CY%3Babtest%2C21.0.0%2CN%3Badvertising%2C21.100.0%2CN%3Bb24connector%2C22.0.0%2CN%3Bbitrix.eshop%2C22.100.0%2CN%3Bbitrix.sitecommunity%2C15.5.0%2CN%3Bbitrix.sitecorporate%2C15.5.0%2CN%3Bbitrix.siteinfoportal%2C15.5.0%2CN%3Bbitrix.sitepersonal%2C15.5.0%2CN%3Bbitrixcloud%2C22.100.0%2CN%3Bbizproc%2C23.200.100%2CN%3Bbizprocdesigner%2C23.100.0%2CN%3Bblog%2C22.0.0%2CN%3Bcalendar%2C23.200.100%2CN%3Bcatalog%2C23.100.0%2CN%3Bclouds%2C23.0.0%2CN%3Bconversion%2C22.0.0%2CN%3Bcurrency%2C22.500.0%2CN%3Bfileman%2C22.300.0%2CN%3Bform%2C22.0.0%2CN%3Bforum%2C23.0.0%2CN%3Bhighloadblock%2C22.200.0%2CN%3Biblock%2C23.100.0%2CN%3Bidea%2C21.0.0%2CN%3Bim%2C23.400.0%2CN%3Blanding%2C23.600.150%2CN%3Blearning%2C22.0.0%2CN%3Blists%2C23.100.0%2CN%3Blocation%2C23.0.0%2CN%3Bmail%2C22.800.100%2CN%3Bmessageservice%2C23.0.0%2CN%3Bmobileapp%2C23.0.0%2CN%3Bperfmon%2C21.0.0%2CN%3Bphotogallery%2C22.0.200%2CN%3Bpull%2C23.100.0%2CN%3Breport%2C23.0.0%2CN%3Brest%2C23.100.0%2CN%3Bsale%2C23.200.0%2CN%3Bscale%2C21.0.0%2CN%3Bsearch%2C22.100.0%2CN%3Bsecurity%2C21.300.0%2CN%3Bsender%2C23.0.0%2CN%3Bseo%2C23.200.0%2CN%3Bsocialnetwork%2C23.100.0%2CN%3Bsocialservices%2C22.200.400%2CN%3Bstatistic%2C22.0.0%2CN%3Bstoreassist%2C21.0.0%2CN%3Bsubscribe%2C21.0.0%2CN%3Bsupport%2C23.0.0%2CN%3Btranslate%2C23.200.0%2CN%3Bui%2C22.1600.0%2CN%3Bvote%2C23.0.0%2CN%3Bwebservice%2C21.0.0%2CN%3Bwiki%2C23.0.0%2CN%3Bworkflow%2C21.0.0%2CN&reqm=bitrix.eshop%2Cbitrix.sitecommunity%2Cbitrix.sitecorporate%2Cbitrix.siteinfoportal%2Cbitrix.sitepersonal%2Cbeono.mastercomponent&SUPD_SRS=RU&SUPD_CMP=N
2023-10-23 14:55:02 -  - exec CUpdateClientPartner::GetHTTPPage
2023-10-23 14:55:02 -  - TIME GetUpdatesList(request) 0.242 sec
2023-10-23 14:55:02 -  - exec CUpdateClientPartner::ParseServerData
2023-10-23 14:55:08 -  - exec CUpdateClientPartner::LoadModulesUpdates
2023-10-23 14:55:08 -  - exec CUpdateClientPartner::__CollectRequestData
2023-10-23 14:55:08 -  - utf=Y&lang=ru&stable=Y&CANGZIP=Y&SUPD_DBS=MYSQL&XE=N&CLIENT_SITE=home-bitrix&LICENSE_KEY=X&SUPD_STS=1&SUPD_URS=1&TYPENC=D&CLIENT_PHPVER=8.1.9&NGINX=Y&dbv=8.0.30&instm=main%2C23.300.100%2CY%3Babtest%2C21.0.0%2CN%3Badvertising%2C21.100.0%2CN%3Bb24connector%2C22.0.0%2CN%3Bbitrix.eshop%2C22.100.0%2CN%3Bbitrix.sitecommunity%2C15.5.0%2CN%3Bbitrix.sitecorporate%2C15.5.0%2CN%3Bbitrix.siteinfoportal%2C15.5.0%2CN%3Bbitrix.sitepersonal%2C15.5.0%2CN%3Bbitrixcloud%2C22.100.0%2CN%3Bbizproc%2C23.200.100%2CN%3Bbizprocdesigner%2C23.100.0%2CN%3Bblog%2C22.0.0%2CN%3Bcalendar%2C23.200.100%2CN%3Bcatalog%2C23.100.0%2CN%3Bclouds%2C23.0.0%2CN%3Bconversion%2C22.0.0%2CN%3Bcurrency%2C22.500.0%2CN%3Bfileman%2C22.300.0%2CN%3Bform%2C22.0.0%2CN%3Bforum%2C23.0.0%2CN%3Bhighloadblock%2C22.200.0%2CN%3Biblock%2C23.100.0%2CN%3Bidea%2C21.0.0%2CN%3Bim%2C23.400.0%2CN%3Blanding%2C23.600.150%2CN%3Blearning%2C22.0.0%2CN%3Blists%2C23.100.0%2CN%3Blocation%2C23.0.0%2CN%3Bmail%2C22.800.100%2CN%3Bmessageservice%2C23.0.0%2CN%3Bmobileapp%2C23.0.0%2CN%3Bperfmon%2C21.0.0%2CN%3Bphotogallery%2C22.0.200%2CN%3Bpull%2C23.100.0%2CN%3Breport%2C23.0.0%2CN%3Brest%2C23.100.0%2CN%3Bsale%2C23.200.0%2CN%3Bscale%2C21.0.0%2CN%3Bsearch%2C22.100.0%2CN%3Bsecurity%2C21.300.0%2CN%3Bsender%2C23.0.0%2CN%3Bseo%2C23.200.0%2CN%3Bsocialnetwork%2C23.100.0%2CN%3Bsocialservices%2C22.200.400%2CN%3Bstatistic%2C22.0.0%2CN%3Bstoreassist%2C21.0.0%2CN%3Bsubscribe%2C21.0.0%2CN%3Bsupport%2C23.0.0%2CN%3Btranslate%2C23.200.0%2CN%3Bui%2C22.1600.0%2CN%3Bvote%2C23.0.0%2CN%3Bwebservice%2C21.0.0%2CN%3Bwiki%2C23.0.0%2CN%3Bworkflow%2C21.0.0%2CN&reqm=beono.mastercomponent&lim=Y&SUPD_SRS=RU&SUPD_CMP=N
2023-10-23 14:55:08 -  - exec CUpdateClientPartner::GetHTTPPage
2023-10-23 14:55:09 -  - TIME LoadModulesUpdates(request) 0.244 sec
2023-10-23 14:55:09 -  - exec CUpdateClientPartner::ParseServerData
2023-10-23 14:55:09 - S - STEP
2023-10-23 14:55:09 - LMU01 - LoadModulesUpdates-Step
2023-10-23 14:55:09 -  - exec CUpdateClientPartner::LoadModulesUpdates
2023-10-23 14:55:09 -  - exec CUpdateClientPartner::ParseServerData
2023-10-23 14:55:09 -  - loadFile
2023-10-23 14:55:09 - U - RETURN
2023-10-23 14:55:09 -  - exec CUpdateClientPartner::UnGzipArchive
2023-10-23 14:55:09 -  - TIME UnGzipArchive 0.194 sec
2023-10-23 14:55:09 -  - TIME UpdateStepModules 0.054 sec
2023-10-23 14:55:09 - UPD_SUCCESS - Updated: beono.mastercomponent
2023-10-23 14:55:09 -  - exec CUpdateClientPartner::LoadModulesUpdates
2023-10-23 14:55:09 -  - exec CUpdateClientPartner::__CollectRequestData
2023-10-23 14:55:09 -  - utf=Y&lang=ru&stable=Y&CANGZIP=Y&SUPD_DBS=MYSQL&XE=N&CLIENT_SITE=home-bitrix&LICENSE_KEY=X&SUPD_STS=1&SUPD_URS=1&TYPENC=D&CLIENT_PHPVER=8.1.9&NGINX=Y&dbv=8.0.30&instm=main%2C23.300.100%2CY%3Babtest%2C21.0.0%2CN%3Badvertising%2C21.100.0%2CN%3Bb24connector%2C22.0.0%2CN%3Bbeono.mastercomponent%2C1.0.3%2CN%3Bbitrix.eshop%2C22.100.0%2CN%3Bbitrix.sitecommunity%2C15.5.0%2CN%3Bbitrix.sitecorporate%2C15.5.0%2CN%3Bbitrix.siteinfoportal%2C15.5.0%2CN%3Bbitrix.sitepersonal%2C15.5.0%2CN%3Bbitrixcloud%2C22.100.0%2CN%3Bbizproc%2C23.200.100%2CN%3Bbizprocdesigner%2C23.100.0%2CN%3Bblog%2C22.0.0%2CN%3Bcalendar%2C23.200.100%2CN%3Bcatalog%2C23.100.0%2CN%3Bclouds%2C23.0.0%2CN%3Bconversion%2C22.0.0%2CN%3Bcurrency%2C22.500.0%2CN%3Bfileman%2C22.300.0%2CN%3Bform%2C22.0.0%2CN%3Bforum%2C23.0.0%2CN%3Bhighloadblock%2C22.200.0%2CN%3Biblock%2C23.100.0%2CN%3Bidea%2C21.0.0%2CN%3Bim%2C23.400.0%2CN%3Blanding%2C23.600.150%2CN%3Blearning%2C22.0.0%2CN%3Blists%2C23.100.0%2CN%3Blocation%2C23.0.0%2CN%3Bmail%2C22.800.100%2CN%3Bmessageservice%2C23.0.0%2CN%3Bmobileapp%2C23.0.0%2CN%3Bperfmon%2C21.0.0%2CN%3Bphotogallery%2C22.0.200%2CN%3Bpull%2C23.100.0%2CN%3Breport%2C23.0.0%2CN%3Brest%2C23.100.0%2CN%3Bsale%2C23.200.0%2CN%3Bscale%2C21.0.0%2CN%3Bsearch%2C22.100.0%2CN%3Bsecurity%2C21.300.0%2CN%3Bsender%2C23.0.0%2CN%3Bseo%2C23.200.0%2CN%3Bsocialnetwork%2C23.100.0%2CN%3Bsocialservices%2C22.200.400%2CN%3Bstatistic%2C22.0.0%2CN%3Bstoreassist%2C21.0.0%2CN%3Bsubscribe%2C21.0.0%2CN%3Bsupport%2C23.0.0%2CN%3Btranslate%2C23.200.0%2CN%3Bui%2C22.1600.0%2CN%3Bvote%2C23.0.0%2CN%3Bwebservice%2C21.0.0%2CN%3Bwiki%2C23.0.0%2CN%3Bworkflow%2C21.0.0%2CN&reqm=beono.mastercomponent&lim=Y&SUPD_SRS=RU&SUPD_CMP=N
2023-10-23 14:55:09 -  - exec CUpdateClientPartner::GetHTTPPage
2023-10-23 14:55:10 -  - TIME LoadModulesUpdates(request) 0.288 sec
2023-10-23 14:55:10 -  - exec CUpdateClientPartner::ParseServerData
2023-10-23 14:55:10 - S - STEP
2023-10-23 14:55:10 - LMU01 - LoadModulesUpdates-Step
2023-10-23 14:55:10 -  - exec CUpdateClientPartner::LoadModulesUpdates
2023-10-23 14:55:10 -  - exec CUpdateClientPartner::ParseServerData
2023-10-23 14:55:10 -  - loadFile
2023-10-23 14:55:10 - U - RETURN
2023-10-23 14:55:10 -  - exec CUpdateClientPartner::UnGzipArchive
2023-10-23 14:55:10 -  - TIME UnGzipArchive 0.139 sec
2023-10-23 14:55:10 - CSURUS1 - Run updater '/bitrix/updates/update_m1698062110/beono.mastercomponent/updater1.0.4.php'
2023-10-23 14:55:10 -  - TIME UpdateStepModules 0.101 sec
2023-10-23 14:55:10 - UPD_SUCCESS - Updated: beono.mastercomponent (1.0.4)<br><li>Убраны лишние символы попадающие в вывод
2023-10-23 14:55:11 -  - exec CUpdateClientPartner::LoadModulesUpdates
2023-10-23 14:55:11 -  - exec CUpdateClientPartner::__CollectRequestData
2023-10-23 14:55:11 -  - utf=Y&lang=ru&stable=Y&CANGZIP=Y&SUPD_DBS=MYSQL&XE=N&CLIENT_SITE=home-bitrix&LICENSE_KEY=X&SUPD_STS=1&SUPD_URS=1&TYPENC=D&CLIENT_PHPVER=8.1.9&NGINX=Y&dbv=8.0.30&instm=main%2C23.300.100%2CY%3Babtest%2C21.0.0%2CN%3Badvertising%2C21.100.0%2CN%3Bb24connector%2C22.0.0%2CN%3Bbeono.mastercomponent%2C1.0.4%2CN%3Bbitrix.eshop%2C22.100.0%2CN%3Bbitrix.sitecommunity%2C15.5.0%2CN%3Bbitrix.sitecorporate%2C15.5.0%2CN%3Bbitrix.siteinfoportal%2C15.5.0%2CN%3Bbitrix.sitepersonal%2C15.5.0%2CN%3Bbitrixcloud%2C22.100.0%2CN%3Bbizproc%2C23.200.100%2CN%3Bbizprocdesigner%2C23.100.0%2CN%3Bblog%2C22.0.0%2CN%3Bcalendar%2C23.200.100%2CN%3Bcatalog%2C23.100.0%2CN%3Bclouds%2C23.0.0%2CN%3Bconversion%2C22.0.0%2CN%3Bcurrency%2C22.500.0%2CN%3Bfileman%2C22.300.0%2CN%3Bform%2C22.0.0%2CN%3Bforum%2C23.0.0%2CN%3Bhighloadblock%2C22.200.0%2CN%3Biblock%2C23.100.0%2CN%3Bidea%2C21.0.0%2CN%3Bim%2C23.400.0%2CN%3Blanding%2C23.600.150%2CN%3Blearning%2C22.0.0%2CN%3Blists%2C23.100.0%2CN%3Blocation%2C23.0.0%2CN%3Bmail%2C22.800.100%2CN%3Bmessageservice%2C23.0.0%2CN%3Bmobileapp%2C23.0.0%2CN%3Bperfmon%2C21.0.0%2CN%3Bphotogallery%2C22.0.200%2CN%3Bpull%2C23.100.0%2CN%3Breport%2C23.0.0%2CN%3Brest%2C23.100.0%2CN%3Bsale%2C23.200.0%2CN%3Bscale%2C21.0.0%2CN%3Bsearch%2C22.100.0%2CN%3Bsecurity%2C21.300.0%2CN%3Bsender%2C23.0.0%2CN%3Bseo%2C23.200.0%2CN%3Bsocialnetwork%2C23.100.0%2CN%3Bsocialservices%2C22.200.400%2CN%3Bstatistic%2C22.0.0%2CN%3Bstoreassist%2C21.0.0%2CN%3Bsubscribe%2C21.0.0%2CN%3Bsupport%2C23.0.0%2CN%3Btranslate%2C23.200.0%2CN%3Bui%2C22.1600.0%2CN%3Bvote%2C23.0.0%2CN%3Bwebservice%2C21.0.0%2CN%3Bwiki%2C23.0.0%2CN%3Bworkflow%2C21.0.0%2CN&reqm=beono.mastercomponent&lim=Y&SUPD_SRS=RU&SUPD_CMP=N
2023-10-23 14:55:11 -  - exec CUpdateClientPartner::GetHTTPPage
2023-10-23 14:55:11 -  - TIME LoadModulesUpdates(request) 0.338 sec
2023-10-23 14:55:11 -  - exec CUpdateClientPartner::ParseServerData
2023-10-23 14:55:11 - S - STEP
2023-10-23 14:55:11 - LMU01 - LoadModulesUpdates-Step
2023-10-23 14:55:11 -  - exec CUpdateClientPartner::LoadModulesUpdates
2023-10-23 14:55:11 -  - exec CUpdateClientPartner::ParseServerData
2023-10-23 14:55:11 -  - loadFile
2023-10-23 14:55:11 - U - RETURN
2023-10-23 14:55:12 -  - exec CUpdateClientPartner::UnGzipArchive
2023-10-23 14:55:12 -  - TIME UnGzipArchive 0.102 sec
2023-10-23 14:55:12 - CSURUS1 - Run updater '/bitrix/updates/update_m1698062112/beono.mastercomponent/updater1.0.5.php'
2023-10-23 14:55:12 -  - TIME UpdateStepModules 0.067 sec
2023-10-23 14:55:12 - UPD_SUCCESS - Updated: beono.mastercomponent (1.0.5)<br><li>Добавление кнопки в панель публичной части перенесено на событие OnPanelCreate
2023-10-23 14:55:12 -  - exec CUpdateClientPartner::LoadModulesUpdates
2023-10-23 14:55:12 -  - exec CUpdateClientPartner::__CollectRequestData
2023-10-23 14:55:12 -  - utf=Y&lang=ru&stable=Y&CANGZIP=Y&SUPD_DBS=MYSQL&XE=N&CLIENT_SITE=home-bitrix&LICENSE_KEY=X&SUPD_STS=1&SUPD_URS=1&TYPENC=D&CLIENT_PHPVER=8.1.9&NGINX=Y&dbv=8.0.30&instm=main%2C23.300.100%2CY%3Babtest%2C21.0.0%2CN%3Badvertising%2C21.100.0%2CN%3Bb24connector%2C22.0.0%2CN%3Bbeono.mastercomponent%2C1.0.5%2CN%3Bbitrix.eshop%2C22.100.0%2CN%3Bbitrix.sitecommunity%2C15.5.0%2CN%3Bbitrix.sitecorporate%2C15.5.0%2CN%3Bbitrix.siteinfoportal%2C15.5.0%2CN%3Bbitrix.sitepersonal%2C15.5.0%2CN%3Bbitrixcloud%2C22.100.0%2CN%3Bbizproc%2C23.200.100%2CN%3Bbizprocdesigner%2C23.100.0%2CN%3Bblog%2C22.0.0%2CN%3Bcalendar%2C23.200.100%2CN%3Bcatalog%2C23.100.0%2CN%3Bclouds%2C23.0.0%2CN%3Bconversion%2C22.0.0%2CN%3Bcurrency%2C22.500.0%2CN%3Bfileman%2C22.300.0%2CN%3Bform%2C22.0.0%2CN%3Bforum%2C23.0.0%2CN%3Bhighloadblock%2C22.200.0%2CN%3Biblock%2C23.100.0%2CN%3Bidea%2C21.0.0%2CN%3Bim%2C23.400.0%2CN%3Blanding%2C23.600.150%2CN%3Blearning%2C22.0.0%2CN%3Blists%2C23.100.0%2CN%3Blocation%2C23.0.0%2CN%3Bmail%2C22.800.100%2CN%3Bmessageservice%2C23.0.0%2CN%3Bmobileapp%2C23.0.0%2CN%3Bperfmon%2C21.0.0%2CN%3Bphotogallery%2C22.0.200%2CN%3Bpull%2C23.100.0%2CN%3Breport%2C23.0.0%2CN%3Brest%2C23.100.0%2CN%3Bsale%2C23.200.0%2CN%3Bscale%2C21.0.0%2CN%3Bsearch%2C22.100.0%2CN%3Bsecurity%2C21.300.0%2CN%3Bsender%2C23.0.0%2CN%3Bseo%2C23.200.0%2CN%3Bsocialnetwork%2C23.100.0%2CN%3Bsocialservices%2C22.200.400%2CN%3Bstatistic%2C22.0.0%2CN%3Bstoreassist%2C21.0.0%2CN%3Bsubscribe%2C21.0.0%2CN%3Bsupport%2C23.0.0%2CN%3Btranslate%2C23.200.0%2CN%3Bui%2C22.1600.0%2CN%3Bvote%2C23.0.0%2CN%3Bwebservice%2C21.0.0%2CN%3Bwiki%2C23.0.0%2CN%3Bworkflow%2C21.0.0%2CN&reqm=beono.mastercomponent&lim=Y&SUPD_SRS=RU&SUPD_CMP=N
2023-10-23 14:55:12 -  - exec CUpdateClientPartner::GetHTTPPage
2023-10-23 14:55:12 -  - TIME LoadModulesUpdates(request) 0.23 sec
2023-10-23 14:55:12 -  - exec CUpdateClientPartner::ParseServerData
2023-10-23 14:55:12 - STEP - Finish - NOUPDATES
2023-10-23 14:55:12 - STEP - Finish - NOUPDATES
2023-10-23 14:55:17 -  - exec CUpdateClientPartner::GetUpdatesList
2023-10-23 14:55:17 -  - exec CUpdateClientPartner::__CollectRequestData
2023-10-23 14:55:17 -  - utf=Y&lang=ru&stable=Y&CANGZIP=Y&SUPD_DBS=MYSQL&XE=N&CLIENT_SITE=home-bitrix&LICENSE_KEY=X&SUPD_STS=1&SUPD_URS=1&TYPENC=D&CLIENT_PHPVER=8.1.9&NGINX=Y&dbv=8.0.30&instm=main%2C23.300.100%2CY%3Babtest%2C21.0.0%2CN%3Badvertising%2C21.100.0%2CN%3Bb24connector%2C22.0.0%2CN%3Bbeono.mastercomponent%2C1.0.5%2CN%3Bbitrix.eshop%2C22.100.0%2CN%3Bbitrix.sitecommunity%2C15.5.0%2CN%3Bbitrix.sitecorporate%2C15.5.0%2CN%3Bbitrix.siteinfoportal%2C15.5.0%2CN%3Bbitrix.sitepersonal%2C15.5.0%2CN%3Bbitrixcloud%2C22.100.0%2CN%3Bbizproc%2C23.200.100%2CN%3Bbizprocdesigner%2C23.100.0%2CN%3Bblog%2C22.0.0%2CN%3Bcalendar%2C23.200.100%2CN%3Bcatalog%2C23.100.0%2CN%3Bclouds%2C23.0.0%2CN%3Bconversion%2C22.0.0%2CN%3Bcurrency%2C22.500.0%2CN%3Bfileman%2C22.300.0%2CN%3Bform%2C22.0.0%2CN%3Bforum%2C23.0.0%2CN%3Bhighloadblock%2C22.200.0%2CN%3Biblock%2C23.100.0%2CN%3Bidea%2C21.0.0%2CN%3Bim%2C23.400.0%2CN%3Blanding%2C23.600.150%2CN%3Blearning%2C22.0.0%2CN%3Blists%2C23.100.0%2CN%3Blocation%2C23.0.0%2CN%3Bmail%2C22.800.100%2CN%3Bmessageservice%2C23.0.0%2CN%3Bmobileapp%2C23.0.0%2CN%3Bperfmon%2C21.0.0%2CN%3Bphotogallery%2C22.0.200%2CN%3Bpull%2C23.100.0%2CN%3Breport%2C23.0.0%2CN%3Brest%2C23.100.0%2CN%3Bsale%2C23.200.0%2CN%3Bscale%2C21.0.0%2CN%3Bsearch%2C22.100.0%2CN%3Bsecurity%2C21.300.0%2CN%3Bsender%2C23.0.0%2CN%3Bseo%2C23.200.0%2CN%3Bsocialnetwork%2C23.100.0%2CN%3Bsocialservices%2C22.200.400%2CN%3Bstatistic%2C22.0.0%2CN%3Bstoreassist%2C21.0.0%2CN%3Bsubscribe%2C21.0.0%2CN%3Bsupport%2C23.0.0%2CN%3Btranslate%2C23.200.0%2CN%3Bui%2C22.1600.0%2CN%3Bvote%2C23.0.0%2CN%3Bwebservice%2C21.0.0%2CN%3Bwiki%2C23.0.0%2CN%3Bworkflow%2C21.0.0%2CN&reqm=beono.mastercomponent%2Cbitrix.eshop%2Cbitrix.sitecommunity%2Cbitrix.sitecorporate%2Cbitrix.siteinfoportal%2Cbitrix.sitepersonal&fullmoduleinfo=Y&SUPD_SRS=RU&SUPD_CMP=N
2023-10-23 14:55:17 -  - exec CUpdateClientPartner::GetHTTPPage
2023-10-23 14:55:17 -  - TIME GetUpdatesList(request) 0.257 sec
2023-10-23 14:55:17 -  - exec CUpdateClientPartner::ParseServerData
2023-10-23 14:55:25 -  - exec CUpdateClientPartner::GetUpdatesList
2023-10-23 14:55:25 -  - exec CUpdateClientPartner::__CollectRequestData
2023-10-23 14:55:25 -  - utf=Y&lang=ru&stable=Y&CANGZIP=Y&SUPD_DBS=MYSQL&XE=N&CLIENT_SITE=home-bitrix&LICENSE_KEY=X&SUPD_STS=1&SUPD_URS=1&TYPENC=D&CLIENT_PHPVER=8.1.9&NGINX=Y&dbv=8.0.30&instm=main%2C23.300.100%2CY%3Babtest%2C21.0.0%2CN%3Badvertising%2C21.100.0%2CN%3Bb24connector%2C22.0.0%2CN%3Bbeono.mastercomponent%2C1.0.5%2CN%3Bbitrix.eshop%2C22.100.0%2CN%3Bbitrix.sitecommunity%2C15.5.0%2CN%3Bbitrix.sitecorporate%2C15.5.0%2CN%3Bbitrix.siteinfoportal%2C15.5.0%2CN%3Bbitrix.sitepersonal%2C15.5.0%2CN%3Bbitrixcloud%2C22.100.0%2CN%3Bbizproc%2C23.200.100%2CN%3Bbizprocdesigner%2C23.100.0%2CN%3Bblog%2C22.0.0%2CN%3Bcalendar%2C23.200.100%2CN%3Bcatalog%2C23.100.0%2CN%3Bclouds%2C23.0.0%2CN%3Bconversion%2C22.0.0%2CN%3Bcurrency%2C22.500.0%2CN%3Bfileman%2C22.300.0%2CN%3Bform%2C22.0.0%2CN%3Bforum%2C23.0.0%2CN%3Bhighloadblock%2C22.200.0%2CN%3Biblock%2C23.100.0%2CN%3Bidea%2C21.0.0%2CN%3Bim%2C23.400.0%2CN%3Blanding%2C23.600.150%2CN%3Blearning%2C22.0.0%2CN%3Blists%2C23.100.0%2CN%3Blocation%2C23.0.0%2CN%3Bmail%2C22.800.100%2CN%3Bmessageservice%2C23.0.0%2CN%3Bmobileapp%2C23.0.0%2CN%3Bperfmon%2C21.0.0%2CN%3Bphotogallery%2C22.0.200%2CN%3Bpull%2C23.100.0%2CN%3Breport%2C23.0.0%2CN%3Brest%2C23.100.0%2CN%3Bsale%2C23.200.0%2CN%3Bscale%2C21.0.0%2CN%3Bsearch%2C22.100.0%2CN%3Bsecurity%2C21.300.0%2CN%3Bsender%2C23.0.0%2CN%3Bseo%2C23.200.0%2CN%3Bsocialnetwork%2C23.100.0%2CN%3Bsocialservices%2C22.200.400%2CN%3Bstatistic%2C22.0.0%2CN%3Bstoreassist%2C21.0.0%2CN%3Bsubscribe%2C21.0.0%2CN%3Bsupport%2C23.0.0%2CN%3Btranslate%2C23.200.0%2CN%3Bui%2C22.1600.0%2CN%3Bvote%2C23.0.0%2CN%3Bwebservice%2C21.0.0%2CN%3Bwiki%2C23.0.0%2CN%3Bworkflow%2C21.0.0%2CN&reqm=beono.mastercomponent%2Cbitrix.eshop%2Cbitrix.sitecommunity%2Cbitrix.sitecorporate%2Cbitrix.siteinfoportal%2Cbitrix.sitepersonal&fullmoduleinfo=Y&SUPD_SRS=RU&SUPD_CMP=N
2023-10-23 14:55:25 -  - exec CUpdateClientPartner::GetHTTPPage
2023-10-23 14:55:25 -  - TIME GetUpdatesList(request) 0.241 sec
2023-10-23 14:55:25 -  - exec CUpdateClientPartner::ParseServerData
2023-10-23 15:01:57 -  - exec CUpdateClientPartner::GetUpdatesList
2023-10-23 15:01:57 -  - exec CUpdateClientPartner::__CollectRequestData
2023-10-23 15:01:57 -  - utf=Y&lang=ru&stable=Y&CANGZIP=Y&SUPD_DBS=MYSQL&XE=N&CLIENT_SITE=home-bitrix&LICENSE_KEY=X&SUPD_STS=1&SUPD_URS=1&TYPENC=D&CLIENT_PHPVER=8.1.9&NGINX=Y&dbv=8.0.30&instm=main%2C23.300.100%2CY%3Babtest%2C21.0.0%2CN%3Badvertising%2C21.100.0%2CN%3Bb24connector%2C22.0.0%2CN%3Bbeono.mastercomponent%2C1.0.5%2CN%3Bbitrix.eshop%2C22.100.0%2CN%3Bbitrix.sitecommunity%2C15.5.0%2CN%3Bbitrix.sitecorporate%2C15.5.0%2CN%3Bbitrix.siteinfoportal%2C15.5.0%2CN%3Bbitrix.sitepersonal%2C15.5.0%2CN%3Bbitrixcloud%2C22.100.0%2CN%3Bbizproc%2C23.200.100%2CN%3Bbizprocdesigner%2C23.100.0%2CN%3Bblog%2C22.0.0%2CN%3Bcalendar%2C23.200.100%2CN%3Bcatalog%2C23.100.0%2CN%3Bclouds%2C23.0.0%2CN%3Bconversion%2C22.0.0%2CN%3Bcurrency%2C22.500.0%2CN%3Bfileman%2C22.300.0%2CN%3Bform%2C22.0.0%2CN%3Bforum%2C23.0.0%2CN%3Bhighloadblock%2C22.200.0%2CN%3Biblock%2C23.100.0%2CN%3Bidea%2C21.0.0%2CN%3Bim%2C23.400.0%2CN%3Blanding%2C23.600.150%2CN%3Blearning%2C22.0.0%2CN%3Blists%2C23.100.0%2CN%3Blocation%2C23.0.0%2CN%3Bmail%2C22.800.100%2CN%3Bmessageservice%2C23.0.0%2CN%3Bmobileapp%2C23.0.0%2CN%3Bperfmon%2C21.0.0%2CN%3Bphotogallery%2C22.0.200%2CN%3Bpull%2C23.100.0%2CN%3Breport%2C23.0.0%2CN%3Brest%2C23.100.0%2CN%3Bsale%2C23.200.0%2CN%3Bscale%2C21.0.0%2CN%3Bsearch%2C22.100.0%2CN%3Bsecurity%2C21.300.0%2CN%3Bsender%2C23.0.0%2CN%3Bseo%2C23.200.0%2CN%3Bsocialnetwork%2C23.100.0%2CN%3Bsocialservices%2C22.200.400%2CN%3Bstatistic%2C22.0.0%2CN%3Bstoreassist%2C21.0.0%2CN%3Bsubscribe%2C21.0.0%2CN%3Bsupport%2C23.0.0%2CN%3Btranslate%2C23.200.0%2CN%3Bui%2C22.1600.0%2CN%3Bvote%2C23.0.0%2CN%3Bwebservice%2C21.0.0%2CN%3Bwiki%2C23.0.0%2CN%3Bworkflow%2C21.0.0%2CN&reqm=beono.mastercomponent%2Cbitrix.eshop%2Cbitrix.sitecommunity%2Cbitrix.sitecorporate%2Cbitrix.siteinfoportal%2Cbitrix.sitepersonal&fullmoduleinfo=Y&SUPD_SRS=RU&SUPD_CMP=N
2023-10-23 15:01:57 -  - exec CUpdateClientPartner::GetHTTPPage
2023-10-23 15:01:57 -  - TIME GetUpdatesList(request) 0.299 sec
2023-10-23 15:01:57 -  - exec CUpdateClientPartner::ParseServerData
2023-10-23 15:33:31 -  - exec CUpdateClientPartner::GetUpdatesList
2023-10-23 15:33:31 -  - exec CUpdateClientPartner::__CollectRequestData
2023-10-23 15:33:31 -  - utf=Y&lang=ru&stable=Y&CANGZIP=Y&SUPD_DBS=MYSQL&XE=N&CLIENT_SITE=home-bitrix&LICENSE_KEY=X&SUPD_STS=1&SUPD_URS=1&TYPENC=D&CLIENT_PHPVER=8.1.9&NGINX=Y&dbv=8.0.30&instm=main%2C23.300.100%2CY%3Babtest%2C21.0.0%2CN%3Badvertising%2C21.100.0%2CN%3Bb24connector%2C22.0.0%2CN%3Bbeono.mastercomponent%2C1.0.5%2CN%3Bbitrix.eshop%2C22.100.0%2CN%3Bbitrix.sitecommunity%2C15.5.0%2CN%3Bbitrix.sitecorporate%2C15.5.0%2CN%3Bbitrix.siteinfoportal%2C15.5.0%2CN%3Bbitrix.sitepersonal%2C15.5.0%2CN%3Bbitrixcloud%2C22.100.0%2CN%3Bbizproc%2C23.200.100%2CN%3Bbizprocdesigner%2C23.100.0%2CN%3Bblog%2C22.0.0%2CN%3Bcalendar%2C23.200.100%2CN%3Bcatalog%2C23.100.0%2CN%3Bclouds%2C23.0.0%2CN%3Bconversion%2C22.0.0%2CN%3Bcurrency%2C22.500.0%2CN%3Bfileman%2C22.300.0%2CN%3Bform%2C22.0.0%2CN%3Bforum%2C23.0.0%2CN%3Bhighloadblock%2C22.200.0%2CN%3Biblock%2C23.100.0%2CN%3Bidea%2C21.0.0%2CN%3Bim%2C23.400.0%2CN%3Blanding%2C23.600.150%2CN%3Blearning%2C22.0.0%2CN%3Blists%2C23.100.0%2CN%3Blocation%2C23.0.0%2CN%3Bmail%2C22.800.100%2CN%3Bmessageservice%2C23.0.0%2CN%3Bmobileapp%2C23.0.0%2CN%3Bperfmon%2C21.0.0%2CN%3Bphotogallery%2C22.0.200%2CN%3Bpull%2C23.100.0%2CN%3Breport%2C23.0.0%2CN%3Brest%2C23.100.0%2CN%3Bsale%2C23.200.0%2CN%3Bscale%2C21.0.0%2CN%3Bsearch%2C22.100.0%2CN%3Bsecurity%2C21.300.0%2CN%3Bsender%2C23.0.0%2CN%3Bseo%2C23.200.0%2CN%3Bsocialnetwork%2C23.100.0%2CN%3Bsocialservices%2C22.200.400%2CN%3Bstatistic%2C22.0.0%2CN%3Bstoreassist%2C21.0.0%2CN%3Bsubscribe%2C21.0.0%2CN%3Bsupport%2C23.0.0%2CN%3Btranslate%2C23.200.0%2CN%3Bui%2C22.1600.0%2CN%3Bvote%2C23.0.0%2CN%3Bwebservice%2C21.0.0%2CN%3Bwiki%2C23.0.0%2CN%3Bworkflow%2C21.0.0%2CN&reqm=beono.mastercomponent%2Cbitrix.eshop%2Cbitrix.sitecommunity%2Cbitrix.sitecorporate%2Cbitrix.siteinfoportal%2Cbitrix.sitepersonal&fullmoduleinfo=Y&SUPD_SRS=RU&SUPD_CMP=N
2023-10-23 15:33:31 -  - exec CUpdateClientPartner::GetHTTPPage
2023-10-23 15:33:32 -  - TIME GetUpdatesList(request) 0.348 sec
2023-10-23 15:33:32 -  - exec CUpdateClientPartner::ParseServerData
2023-10-23 15:33:33 -  - exec CUpdateClientPartner::GetUpdatesList
2023-10-23 15:33:33 -  - exec CUpdateClientPartner::__CollectRequestData
2023-10-23 15:33:33 -  - utf=Y&lang=ru&stable=Y&CANGZIP=Y&SUPD_DBS=MYSQL&XE=N&CLIENT_SITE=home-bitrix&LICENSE_KEY=X&SUPD_STS=1&SUPD_URS=1&TYPENC=D&CLIENT_PHPVER=8.1.9&NGINX=Y&dbv=8.0.30&instm=main%2C23.300.100%2CY%3Babtest%2C21.0.0%2CN%3Badvertising%2C21.100.0%2CN%3Bb24connector%2C22.0.0%2CN%3Bbeono.mastercomponent%2C1.0.5%2CN%3Bbitrix.eshop%2C22.100.0%2CN%3Bbitrix.sitecommunity%2C15.5.0%2CN%3Bbitrix.sitecorporate%2C15.5.0%2CN%3Bbitrix.siteinfoportal%2C15.5.0%2CN%3Bbitrix.sitepersonal%2C15.5.0%2CN%3Bbitrixcloud%2C22.100.0%2CN%3Bbizproc%2C23.200.100%2CN%3Bbizprocdesigner%2C23.100.0%2CN%3Bblog%2C22.0.0%2CN%3Bcalendar%2C23.200.100%2CN%3Bcatalog%2C23.100.0%2CN%3Bclouds%2C23.0.0%2CN%3Bconversion%2C22.0.0%2CN%3Bcurrency%2C22.500.0%2CN%3Bfileman%2C22.300.0%2CN%3Bform%2C22.0.0%2CN%3Bforum%2C23.0.0%2CN%3Bhighloadblock%2C22.200.0%2CN%3Biblock%2C23.100.0%2CN%3Bidea%2C21.0.0%2CN%3Bim%2C23.400.0%2CN%3Blanding%2C23.600.150%2CN%3Blearning%2C22.0.0%2CN%3Blists%2C23.100.0%2CN%3Blocation%2C23.0.0%2CN%3Bmail%2C22.800.100%2CN%3Bmessageservice%2C23.0.0%2CN%3Bmobileapp%2C23.0.0%2CN%3Bperfmon%2C21.0.0%2CN%3Bphotogallery%2C22.0.200%2CN%3Bpull%2C23.100.0%2CN%3Breport%2C23.0.0%2CN%3Brest%2C23.100.0%2CN%3Bsale%2C23.200.0%2CN%3Bscale%2C21.0.0%2CN%3Bsearch%2C22.100.0%2CN%3Bsecurity%2C21.300.0%2CN%3Bsender%2C23.0.0%2CN%3Bseo%2C23.200.0%2CN%3Bsocialnetwork%2C23.100.0%2CN%3Bsocialservices%2C22.200.400%2CN%3Bstatistic%2C22.0.0%2CN%3Bstoreassist%2C21.0.0%2CN%3Bsubscribe%2C21.0.0%2CN%3Bsupport%2C23.0.0%2CN%3Btranslate%2C23.200.0%2CN%3Bui%2C22.1600.0%2CN%3Bvote%2C23.0.0%2CN%3Bwebservice%2C21.0.0%2CN%3Bwiki%2C23.0.0%2CN%3Bworkflow%2C21.0.0%2CN&reqm=beono.mastercomponent%2Cbitrix.eshop%2Cbitrix.sitecommunity%2Cbitrix.sitecorporate%2Cbitrix.siteinfoportal%2Cbitrix.sitepersonal&SUPD_SRS=RU&SUPD_CMP=N
2023-10-23 15:33:33 -  - exec CUpdateClientPartner::GetHTTPPage
2023-10-23 15:33:34 -  - TIME GetUpdatesList(request) 0.26 sec
2023-10-23 15:33:34 -  - exec CUpdateClientPartner::ParseServerData
2023-10-23 15:33:42 -  - exec CUpdateClientPartner::LoadModulesUpdates
2023-10-23 15:33:42 -  - exec CUpdateClientPartner::__CollectRequestData
2023-10-23 15:33:42 -  - utf=Y&lang=ru&stable=Y&CANGZIP=Y&SUPD_DBS=MYSQL&XE=N&CLIENT_SITE=home-bitrix&LICENSE_KEY=X&SUPD_STS=1&SUPD_URS=1&TYPENC=D&CLIENT_PHPVER=8.1.9&NGINX=Y&dbv=8.0.30&instm=main%2C23.300.100%2CY%3Babtest%2C21.0.0%2CN%3Badvertising%2C21.100.0%2CN%3Bb24connector%2C22.0.0%2CN%3Bbeono.mastercomponent%2C1.0.5%2CN%3Bbitrix.eshop%2C22.100.0%2CN%3Bbitrix.sitecommunity%2C15.5.0%2CN%3Bbitrix.sitecorporate%2C15.5.0%2CN%3Bbitrix.siteinfoportal%2C15.5.0%2CN%3Bbitrix.sitepersonal%2C15.5.0%2CN%3Bbitrixcloud%2C22.100.0%2CN%3Bbizproc%2C23.200.100%2CN%3Bbizprocdesigner%2C23.100.0%2CN%3Bblog%2C22.0.0%2CN%3Bcalendar%2C23.200.100%2CN%3Bcatalog%2C23.100.0%2CN%3Bclouds%2C23.0.0%2CN%3Bconversion%2C22.0.0%2CN%3Bcurrency%2C22.500.0%2CN%3Bfileman%2C22.300.0%2CN%3Bform%2C22.0.0%2CN%3Bforum%2C23.0.0%2CN%3Bhighloadblock%2C22.200.0%2CN%3Biblock%2C23.100.0%2CN%3Bidea%2C21.0.0%2CN%3Bim%2C23.400.0%2CN%3Blanding%2C23.600.150%2CN%3Blearning%2C22.0.0%2CN%3Blists%2C23.100.0%2CN%3Blocation%2C23.0.0%2CN%3Bmail%2C22.800.100%2CN%3Bmessageservice%2C23.0.0%2CN%3Bmobileapp%2C23.0.0%2CN%3Bperfmon%2C21.0.0%2CN%3Bphotogallery%2C22.0.200%2CN%3Bpull%2C23.100.0%2CN%3Breport%2C23.0.0%2CN%3Brest%2C23.100.0%2CN%3Bsale%2C23.200.0%2CN%3Bscale%2C21.0.0%2CN%3Bsearch%2C22.100.0%2CN%3Bsecurity%2C21.300.0%2CN%3Bsender%2C23.0.0%2CN%3Bseo%2C23.200.0%2CN%3Bsocialnetwork%2C23.100.0%2CN%3Bsocialservices%2C22.200.400%2CN%3Bstatistic%2C22.0.0%2CN%3Bstoreassist%2C21.0.0%2CN%3Bsubscribe%2C21.0.0%2CN%3Bsupport%2C23.0.0%2CN%3Btranslate%2C23.200.0%2CN%3Bui%2C22.1600.0%2CN%3Bvote%2C23.0.0%2CN%3Bwebservice%2C21.0.0%2CN%3Bwiki%2C23.0.0%2CN%3Bworkflow%2C21.0.0%2CN&reqm=beono.mastercomponent%2Cbitrix.eshop%2Cbitrix.sitecommunity%2Cbitrix.sitecorporate%2Cbitrix.siteinfoportal%2Cbitrix.sitepersonal&SUPD_SRS=RU&SUPD_CMP=N
2023-10-23 15:33:42 -  - exec CUpdateClientPartner::GetHTTPPage
2023-10-23 15:33:42 -  - TIME LoadModulesUpdates(request) 0.246 sec
2023-10-23 15:33:42 -  - exec CUpdateClientPartner::ParseServerData
2023-10-23 15:33:42 - STEP - Finish - NOUPDATES
2023-10-23 15:33:42 - STEP - Finish - NOUPDATES
2023-10-23 15:33:48 -  - exec CUpdateClientPartner::GetUpdatesList
2023-10-23 15:33:48 -  - exec CUpdateClientPartner::__CollectRequestData
2023-10-23 15:33:48 -  - utf=Y&lang=ru&stable=Y&CANGZIP=Y&SUPD_DBS=MYSQL&XE=N&CLIENT_SITE=home-bitrix&LICENSE_KEY=X&SUPD_STS=1&SUPD_URS=1&TYPENC=D&CLIENT_PHPVER=8.1.9&NGINX=Y&dbv=8.0.30&instm=main%2C23.300.100%2CY%3Babtest%2C21.0.0%2CN%3Badvertising%2C21.100.0%2CN%3Bb24connector%2C22.0.0%2CN%3Bbeono.mastercomponent%2C1.0.5%2CN%3Bbitrix.eshop%2C22.100.0%2CN%3Bbitrix.sitecommunity%2C15.5.0%2CN%3Bbitrix.sitecorporate%2C15.5.0%2CN%3Bbitrix.siteinfoportal%2C15.5.0%2CN%3Bbitrix.sitepersonal%2C15.5.0%2CN%3Bbitrixcloud%2C22.100.0%2CN%3Bbizproc%2C23.200.100%2CN%3Bbizprocdesigner%2C23.100.0%2CN%3Bblog%2C22.0.0%2CN%3Bcalendar%2C23.200.100%2CN%3Bcatalog%2C23.100.0%2CN%3Bclouds%2C23.0.0%2CN%3Bconversion%2C22.0.0%2CN%3Bcurrency%2C22.500.0%2CN%3Bfileman%2C22.300.0%2CN%3Bform%2C22.0.0%2CN%3Bforum%2C23.0.0%2CN%3Bhighloadblock%2C22.200.0%2CN%3Biblock%2C23.100.0%2CN%3Bidea%2C21.0.0%2CN%3Bim%2C23.400.0%2CN%3Blanding%2C23.600.150%2CN%3Blearning%2C22.0.0%2CN%3Blists%2C23.100.0%2CN%3Blocation%2C23.0.0%2CN%3Bmail%2C22.800.100%2CN%3Bmessageservice%2C23.0.0%2CN%3Bmobileapp%2C23.0.0%2CN%3Bperfmon%2C21.0.0%2CN%3Bphotogallery%2C22.0.200%2CN%3Bpull%2C23.100.0%2CN%3Breport%2C23.0.0%2CN%3Brest%2C23.100.0%2CN%3Bsale%2C23.200.0%2CN%3Bscale%2C21.0.0%2CN%3Bsearch%2C22.100.0%2CN%3Bsecurity%2C21.300.0%2CN%3Bsender%2C23.0.0%2CN%3Bseo%2C23.200.0%2CN%3Bsocialnetwork%2C23.100.0%2CN%3Bsocialservices%2C22.200.400%2CN%3Bstatistic%2C22.0.0%2CN%3Bstoreassist%2C21.0.0%2CN%3Bsubscribe%2C21.0.0%2CN%3Bsupport%2C23.0.0%2CN%3Btranslate%2C23.200.0%2CN%3Bui%2C22.1600.0%2CN%3Bvote%2C23.0.0%2CN%3Bwebservice%2C21.0.0%2CN%3Bwiki%2C23.0.0%2CN%3Bworkflow%2C21.0.0%2CN&reqm=beono.mastercomponent%2Cbitrix.eshop%2Cbitrix.sitecommunity%2Cbitrix.sitecorporate%2Cbitrix.siteinfoportal%2Cbitrix.sitepersonal&SUPD_SRS=RU&SUPD_CMP=N
2023-10-23 15:33:48 -  - exec CUpdateClientPartner::GetHTTPPage
2023-10-23 15:33:49 -  - TIME GetUpdatesList(request) 0.298 sec
2023-10-23 15:33:49 -  - exec CUpdateClientPartner::ParseServerData
2023-10-23 15:33:50 -  - exec CUpdateClientPartner::GetUpdatesList
2023-10-23 15:33:50 -  - exec CUpdateClientPartner::__CollectRequestData
2023-10-23 15:33:50 -  - utf=Y&lang=ru&stable=Y&CANGZIP=Y&SUPD_DBS=MYSQL&XE=N&CLIENT_SITE=home-bitrix&LICENSE_KEY=X&SUPD_STS=1&SUPD_URS=1&TYPENC=D&CLIENT_PHPVER=8.1.9&NGINX=Y&dbv=8.0.30&instm=main%2C23.300.100%2CY%3Babtest%2C21.0.0%2CN%3Badvertising%2C21.100.0%2CN%3Bb24connector%2C22.0.0%2CN%3Bbeono.mastercomponent%2C1.0.5%2CN%3Bbitrix.eshop%2C22.100.0%2CN%3Bbitrix.sitecommunity%2C15.5.0%2CN%3Bbitrix.sitecorporate%2C15.5.0%2CN%3Bbitrix.siteinfoportal%2C15.5.0%2CN%3Bbitrix.sitepersonal%2C15.5.0%2CN%3Bbitrixcloud%2C22.100.0%2CN%3Bbizproc%2C23.200.100%2CN%3Bbizprocdesigner%2C23.100.0%2CN%3Bblog%2C22.0.0%2CN%3Bcalendar%2C23.200.100%2CN%3Bcatalog%2C23.100.0%2CN%3Bclouds%2C23.0.0%2CN%3Bconversion%2C22.0.0%2CN%3Bcurrency%2C22.500.0%2CN%3Bfileman%2C22.300.0%2CN%3Bform%2C22.0.0%2CN%3Bforum%2C23.0.0%2CN%3Bhighloadblock%2C22.200.0%2CN%3Biblock%2C23.100.0%2CN%3Bidea%2C21.0.0%2CN%3Bim%2C23.400.0%2CN%3Blanding%2C23.600.150%2CN%3Blearning%2C22.0.0%2CN%3Blists%2C23.100.0%2CN%3Blocation%2C23.0.0%2CN%3Bmail%2C22.800.100%2CN%3Bmessageservice%2C23.0.0%2CN%3Bmobileapp%2C23.0.0%2CN%3Bperfmon%2C21.0.0%2CN%3Bphotogallery%2C22.0.200%2CN%3Bpull%2C23.100.0%2CN%3Breport%2C23.0.0%2CN%3Brest%2C23.100.0%2CN%3Bsale%2C23.200.0%2CN%3Bscale%2C21.0.0%2CN%3Bsearch%2C22.100.0%2CN%3Bsecurity%2C21.300.0%2CN%3Bsender%2C23.0.0%2CN%3Bseo%2C23.200.0%2CN%3Bsocialnetwork%2C23.100.0%2CN%3Bsocialservices%2C22.200.400%2CN%3Bstatistic%2C22.0.0%2CN%3Bstoreassist%2C21.0.0%2CN%3Bsubscribe%2C21.0.0%2CN%3Bsupport%2C23.0.0%2CN%3Btranslate%2C23.200.0%2CN%3Bui%2C22.1600.0%2CN%3Bvote%2C23.0.0%2CN%3Bwebservice%2C21.0.0%2CN%3Bwiki%2C23.0.0%2CN%3Bworkflow%2C21.0.0%2CN&reqm=beono.mastercomponent%2Cbitrix.eshop%2Cbitrix.sitecommunity%2Cbitrix.sitecorporate%2Cbitrix.siteinfoportal%2Cbitrix.sitepersonal&fullmoduleinfo=Y&SUPD_SRS=RU&SUPD_CMP=N
2023-10-23 15:33:50 -  - exec CUpdateClientPartner::GetHTTPPage
2023-10-23 15:33:51 -  - TIME GetUpdatesList(request) 0.241 sec
2023-10-23 15:33:51 -  - exec CUpdateClientPartner::ParseServerData
2023-10-25 11:54:04 -  - exec CUpdateClientPartner::__CollectRequestData
2023-10-25 11:54:04 -  - exec CUpdateClientPartner::GetHTTPPage
2023-10-25 11:54:04 -  - exec CUpdateClientPartner::ParseServerData
2023-10-25 11:54:04 -  - exec CUpdateClientPartner::GetUpdatesList
2023-10-25 11:54:04 -  - exec CUpdateClientPartner::__CollectRequestData
2023-10-25 11:54:04 -  - utf=Y&lang=ru&stable=Y&CANGZIP=Y&SUPD_DBS=MYSQL&XE=N&CLIENT_SITE=home-bitrix&LICENSE_KEY=X&SUPD_STS=1&SUPD_URS=1&TYPENC=D&CLIENT_PHPVER=8.1.9&NGINX=Y&dbv=8.0.30&instm=main%2C23.300.100%2CY%3Babtest%2C21.0.0%2CN%3Badvertising%2C21.100.0%2CN%3Bb24connector%2C22.0.0%2CN%3Bbeono.mastercomponent%2C1.0.5%2CN%3Bbitrix.eshop%2C22.100.0%2CN%3Bbitrix.sitecommunity%2C15.5.0%2CN%3Bbitrix.sitecorporate%2C15.5.0%2CN%3Bbitrix.siteinfoportal%2C15.5.0%2CN%3Bbitrix.sitepersonal%2C15.5.0%2CN%3Bbitrixcloud%2C22.100.0%2CN%3Bbizproc%2C23.200.100%2CN%3Bbizprocdesigner%2C23.100.0%2CN%3Bblog%2C22.0.0%2CN%3Bcalendar%2C23.200.100%2CN%3Bcatalog%2C23.100.0%2CN%3Bclouds%2C23.0.0%2CN%3Bconversion%2C22.0.0%2CN%3Bcurrency%2C22.500.0%2CN%3Bfileman%2C22.300.0%2CN%3Bform%2C22.0.0%2CN%3Bforum%2C23.0.0%2CN%3Bhighloadblock%2C22.200.0%2CN%3Biblock%2C23.100.0%2CN%3Bidea%2C21.0.0%2CN%3Bim%2C23.400.0%2CN%3Blanding%2C23.600.150%2CN%3Blearning%2C22.0.0%2CN%3Blists%2C23.100.0%2CN%3Blocation%2C23.0.0%2CN%3Bmail%2C22.800.100%2CN%3Bmessageservice%2C23.0.0%2CN%3Bmobileapp%2C23.0.0%2CN%3Bperfmon%2C21.0.0%2CN%3Bphotogallery%2C22.0.200%2CN%3Bpull%2C23.100.0%2CN%3Breport%2C23.0.0%2CN%3Brest%2C23.100.0%2CN%3Bsale%2C23.200.0%2CN%3Bscale%2C21.0.0%2CN%3Bsearch%2C22.100.0%2CN%3Bsecurity%2C21.300.0%2CN%3Bsender%2C23.0.0%2CN%3Bseo%2C23.200.0%2CN%3Bsocialnetwork%2C23.100.0%2CN%3Bsocialservices%2C22.200.400%2CN%3Bstatistic%2C22.0.0%2CN%3Bstoreassist%2C21.0.0%2CN%3Bsubscribe%2C21.0.0%2CN%3Bsupport%2C23.0.0%2CN%3Btranslate%2C23.200.0%2CN%3Bui%2C22.1600.0%2CN%3Bvote%2C23.0.0%2CN%3Bwebservice%2C21.0.0%2CN%3Bwiki%2C23.0.0%2CN%3Bworkflow%2C21.0.0%2CN&reqm=beono.mastercomponent%2Cbitrix.eshop%2Cbitrix.sitecommunity%2Cbitrix.sitecorporate%2Cbitrix.siteinfoportal%2Cbitrix.sitepersonal&fullmoduleinfo=Y&SUPD_SRS=RU&SUPD_CMP=N
2023-10-25 11:54:04 -  - exec CUpdateClientPartner::GetHTTPPage
2023-10-25 11:54:04 -  - TIME GetUpdatesList(request) 0.272 sec
2023-10-25 11:54:04 -  - exec CUpdateClientPartner::ParseServerData
2023-10-25 11:54:04 -  - exec CUpdateClientPartner::__CollectRequestData
2023-10-25 11:54:04 -  - exec CUpdateClientPartner::GetHTTPPage
2023-10-25 11:54:05 -  - exec CUpdateClientPartner::__CollectRequestData
2023-10-25 11:54:05 -  - exec CUpdateClientPartner::GetHTTPPage
2023-10-25 11:54:05 -  - exec CUpdateClientPartner::ParseServerData
2023-10-25 11:54:05 -  - exec CUpdateClientPartner::ParseServerData
2023-10-25 11:54:05 -  - exec CUpdateClientPartner::GetUpdatesList
2023-10-25 11:54:05 -  - exec CUpdateClientPartner::__CollectRequestData
2023-10-25 11:54:05 -  - utf=Y&lang=ru&stable=Y&CANGZIP=Y&SUPD_DBS=MYSQL&XE=N&CLIENT_SITE=home-bitrix&LICENSE_KEY=X&SUPD_STS=1&SUPD_URS=1&TYPENC=D&CLIENT_PHPVER=8.1.9&NGINX=Y&dbv=8.0.30&instm=main%2C23.300.100%2CY%3Babtest%2C21.0.0%2CN%3Badvertising%2C21.100.0%2CN%3Bb24connector%2C22.0.0%2CN%3Bbeono.mastercomponent%2C1.0.5%2CN%3Bbitrix.eshop%2C22.100.0%2CN%3Bbitrix.sitecommunity%2C15.5.0%2CN%3Bbitrix.sitecorporate%2C15.5.0%2CN%3Bbitrix.siteinfoportal%2C15.5.0%2CN%3Bbitrix.sitepersonal%2C15.5.0%2CN%3Bbitrixcloud%2C22.100.0%2CN%3Bbizproc%2C23.200.100%2CN%3Bbizprocdesigner%2C23.100.0%2CN%3Bblog%2C22.0.0%2CN%3Bcalendar%2C23.200.100%2CN%3Bcatalog%2C23.100.0%2CN%3Bclouds%2C23.0.0%2CN%3Bconversion%2C22.0.0%2CN%3Bcurrency%2C22.500.0%2CN%3Bfileman%2C22.300.0%2CN%3Bform%2C22.0.0%2CN%3Bforum%2C23.0.0%2CN%3Bhighloadblock%2C22.200.0%2CN%3Biblock%2C23.100.0%2CN%3Bidea%2C21.0.0%2CN%3Bim%2C23.400.0%2CN%3Blanding%2C23.600.150%2CN%3Blearning%2C22.0.0%2CN%3Blists%2C23.100.0%2CN%3Blocation%2C23.0.0%2CN%3Bmail%2C22.800.100%2CN%3Bmessageservice%2C23.0.0%2CN%3Bmobileapp%2C23.0.0%2CN%3Bperfmon%2C21.0.0%2CN%3Bphotogallery%2C22.0.200%2CN%3Bpull%2C23.100.0%2CN%3Breport%2C23.0.0%2CN%3Brest%2C23.100.0%2CN%3Bsale%2C23.200.0%2CN%3Bscale%2C21.0.0%2CN%3Bsearch%2C22.100.0%2CN%3Bsecurity%2C21.300.0%2CN%3Bsender%2C23.0.0%2CN%3Bseo%2C23.200.0%2CN%3Bsocialnetwork%2C23.100.0%2CN%3Bsocialservices%2C22.200.400%2CN%3Bstatistic%2C22.0.0%2CN%3Bstoreassist%2C21.0.0%2CN%3Bsubscribe%2C21.0.0%2CN%3Bsupport%2C23.0.0%2CN%3Btranslate%2C23.200.0%2CN%3Bui%2C22.1600.0%2CN%3Bvote%2C23.0.0%2CN%3Bwebservice%2C21.0.0%2CN%3Bwiki%2C23.0.0%2CN%3Bworkflow%2C21.0.0%2CN&reqm=beono.mastercomponent%2Cbitrix.eshop%2Cbitrix.sitecommunity%2Cbitrix.sitecorporate%2Cbitrix.siteinfoportal%2Cbitrix.sitepersonal&fullmoduleinfo=Y&SUPD_SRS=RU&SUPD_CMP=N
2023-10-25 11:54:05 -  - exec CUpdateClientPartner::GetHTTPPage
2023-10-25 11:54:05 -  - TIME GetUpdatesList(request) 0.259 sec
2023-10-25 11:54:05 -  - exec CUpdateClientPartner::ParseServerData
2023-10-25 11:54:05 -  - exec CUpdateClientPartner::__CollectRequestData
2023-10-25 11:54:05 -  - exec CUpdateClientPartner::GetHTTPPage
2023-10-25 11:54:05 -  - exec CUpdateClientPartner::ParseServerData
2023-10-26 12:24:57 -  - exec CUpdateClientPartner::__CollectRequestData
2023-10-26 12:24:57 -  - exec CUpdateClientPartner::GetHTTPPage
2023-10-26 12:24:57 -  - exec CUpdateClientPartner::ParseServerData
2023-10-26 12:24:57 -  - exec CUpdateClientPartner::GetUpdatesList
2023-10-26 12:24:57 -  - exec CUpdateClientPartner::__CollectRequestData
2023-10-26 12:24:57 -  - utf=Y&lang=ru&stable=Y&CANGZIP=Y&SUPD_DBS=MYSQL&XE=N&CLIENT_SITE=home-bitrix&LICENSE_KEY=X&SUPD_STS=2&SUPD_URS=2&TYPENC=D&CLIENT_PHPVER=8.1.9&NGINX=Y&dbv=8.0.30&instm=main%2C23.300.100%2CY%3Babtest%2C21.0.0%2CN%3Badvertising%2C21.100.0%2CN%3Bb24connector%2C22.0.0%2CN%3Bbeono.mastercomponent%2C1.0.5%2CN%3Bbitrix.eshop%2C22.100.0%2CN%3Bbitrix.sitecommunity%2C15.5.0%2CN%3Bbitrix.sitecorporate%2C15.5.0%2CN%3Bbitrix.siteinfoportal%2C15.5.0%2CN%3Bbitrix.sitepersonal%2C15.5.0%2CN%3Bbitrixcloud%2C22.100.0%2CN%3Bbizproc%2C23.200.100%2CN%3Bbizprocdesigner%2C23.100.0%2CN%3Bblog%2C22.0.0%2CN%3Bcalendar%2C23.200.100%2CN%3Bcatalog%2C23.100.0%2CN%3Bclouds%2C23.0.0%2CN%3Bconversion%2C22.0.0%2CN%3Bcurrency%2C22.500.0%2CN%3Bfileman%2C22.300.0%2CN%3Bform%2C22.0.0%2CN%3Bforum%2C23.0.0%2CN%3Bhighloadblock%2C22.200.0%2CN%3Biblock%2C23.100.0%2CN%3Bidea%2C21.0.0%2CN%3Bim%2C23.400.0%2CN%3Blanding%2C23.600.150%2CN%3Blearning%2C22.0.0%2CN%3Blists%2C23.100.0%2CN%3Blocation%2C23.0.0%2CN%3Bmail%2C22.800.100%2CN%3Bmessageservice%2C23.0.0%2CN%3Bmobileapp%2C23.0.0%2CN%3Bperfmon%2C21.0.0%2CN%3Bphotogallery%2C22.0.200%2CN%3Bpull%2C23.100.0%2CN%3Breport%2C23.0.0%2CN%3Brest%2C23.100.0%2CN%3Bsale%2C23.200.0%2CN%3Bscale%2C21.0.0%2CN%3Bsearch%2C22.100.0%2CN%3Bsecurity%2C21.300.0%2CN%3Bsender%2C23.0.0%2CN%3Bseo%2C23.200.0%2CN%3Bsocialnetwork%2C23.100.0%2CN%3Bsocialservices%2C22.200.400%2CN%3Bstatistic%2C22.0.0%2CN%3Bstoreassist%2C21.0.0%2CN%3Bsubscribe%2C21.0.0%2CN%3Bsupport%2C23.0.0%2CN%3Btranslate%2C23.200.0%2CN%3Bui%2C22.1600.0%2CN%3Bvote%2C23.0.0%2CN%3Bwebservice%2C21.0.0%2CN%3Bwiki%2C23.0.0%2CN%3Bworkflow%2C21.0.0%2CN&reqm=beono.mastercomponent%2Cbitrix.eshop%2Cbitrix.sitecommunity%2Cbitrix.sitecorporate%2Cbitrix.siteinfoportal%2Cbitrix.sitepersonal&fullmoduleinfo=Y&SUPD_SRS=RU&SUPD_CMP=N
2023-10-26 12:24:57 -  - exec CUpdateClientPartner::GetHTTPPage
2023-10-26 12:24:58 -  - TIME GetUpdatesList(request) 0.268 sec
2023-10-26 12:24:58 -  - exec CUpdateClientPartner::ParseServerData
2023-10-26 12:24:58 -  - exec CUpdateClientPartner::__CollectRequestData
2023-10-26 12:24:58 -  - exec CUpdateClientPartner::GetHTTPPage
2023-10-26 12:24:58 -  - exec CUpdateClientPartner::ParseServerData
