2023-Nov-06 14:01:44 Наличие необходимых модулей php (check_php_modules): Ok
Все необходимые модули установлены
2023-Nov-06 14:01:45 Обязательные параметры PHP (check_php_settings): Fail
Ошибка! Значение max_input_vars должно быть не ниже 10000. Текущее значение: 1000
2023-Nov-06 14:01:45 Модули веб-сервера (check_security): Ok
Конфликтов не выявлено
2023-Nov-06 14:01:45 Значения переменных сервера (check_server_vars): Fail
Ошибка! Текущий домен не валидный (home-bitrix). Может содержать только цифры, латинские буквы и дефис. Должен содержать точку.
2023-Nov-06 14:01:45 Сохранение сессии (check_session): Ok
50% done
2023-Nov-06 14:01:45 Сохранение сессии (check_session): Ok
Успешно
2023-Nov-06 14:01:46 Параметры настройки UTF (mbstring и константа BX_UTF) (check_mbstring): Ok
Правильные. Сайт работает в UTF кодировке
2023-Nov-06 14:01:46 Служебные скрипты в корне сайта (check_install_scripts): Ok
Отсутствуют
2023-Nov-06 14:01:46 Работа с сокетами (check_socket): Ok
Connection to home-bitrix:80	Success

Успешно
2023-Nov-06 14:01:46 Выполнение агентов на cron (check_bx_crontab): Warning
Замечание. Агенты выполняются на хитах, рекомендуется перевести выполнение агентов на cron
2023-Nov-06 14:01:46 Параметры подключения к базе данных (check_dbconn_settings): Ok
Успешно
2023-Nov-06 14:01:47 Лишний вывод в файлах конфигурации (check_dbconn): Ok
Connection to home-bitrix:80	Success

Успешно
2023-Nov-06 14:01:47 Сохранение сессии без UserAgent (check_session_ua): Ok
50% done
Connection to home-bitrix:80	Success

2023-Nov-06 14:01:47 Сохранение сессии без UserAgent (check_session_ua): Ok
Connection to home-bitrix:80	Success

Успешно
2023-Nov-06 14:01:47 Настройки сайтов (check_sites): Fail
Ошибка! Нет доступа к папке  E:/OSPanel/domains/en-home-bitrix/bitrix
2023-Nov-06 14:01:48 Размер стека и pcre.recursion_limit (check_pcre_recursion): Ok
Connection to home-bitrix:80	Success

Успешно
2023-Nov-06 14:01:48 Загрузка файла (check_upload): Ok
Connection to home-bitrix:80	Success

Успешно
